[INFO ] 2024-05-06 10:44:30.475 [main] Main - message de info
[INFO ] 2024-05-06 14:16:18.748 [main] Main - Tom, voulez vous changer de cartes ? oui ou non
[INFO ] 2024-05-06 14:16:58.170 [main] Main - Une, deux, ou trois cartes ?
[INFO ] 2024-05-06 14:17:02.195 [main] Main - Quelle carte, donnez son numéro 
[INFO ] 2024-05-06 14:17:12.239 [main] Main - Quelle carte, donnez son numéro 
[INFO ] 2024-05-06 14:17:17.915 [main] Main - Quelle carte, donnez son numéro 
[INFO ] 2024-05-06 14:17:28.834 [main] Main - John, voulez vous changer de cartes ? oui ou non
[INFO ] 2024-05-06 14:17:50.710 [main] Main - Une, deux, ou trois cartes ?
[INFO ] 2024-05-06 14:17:54.975 [main] Main - Quelle carte, donnez son numéro 
[INFO ] 2024-05-06 14:17:57.212 [main] Main - Quelle carte, donnez son numéro 
[INFO ] 2024-05-06 14:17:58.608 [main] Main - Quelle carte, donnez son numéro 
[INFO ] 2024-05-06 14:18:00.030 [main] Main - Franck, voulez vous changer de cartes ? oui ou non
[INFO ] 2024-05-06 14:18:12.888 [main] Main - Winner : Tom
[INFO ] 2024-05-06 14:57:58.692 [main] Main - Tom, voulez vous changer de cartes ? oui ou non
[INFO ] 2024-05-06 14:58:10.779 [main] Main - Une, deux, ou trois cartes ?
[INFO ] 2024-05-06 14:58:24.781 [main] Main - Quelle carte, donnez son numéro 
[INFO ] 2024-05-06 14:58:27.269 [main] Main - Quelle carte, donnez son numéro 
[INFO ] 2024-05-06 14:58:28.621 [main] Main - Quelle carte, donnez son numéro 
[INFO ] 2024-05-06 14:58:30.170 [main] Main - John, voulez vous changer de cartes ? oui ou non
[INFO ] 2024-05-06 14:58:49.375 [main] Main - Une, deux, ou trois cartes ?
[INFO ] 2024-05-06 14:58:52.918 [main] Main - Quelle carte, donnez son numéro 
[INFO ] 2024-05-06 14:58:54.338 [main] Main - Quelle carte, donnez son numéro 
[INFO ] 2024-05-06 14:58:55.523 [main] Main - Quelle carte, donnez son numéro 
[INFO ] 2024-05-06 14:58:56.403 [main] Main - Franck, voulez vous changer de cartes ? oui ou non
[INFO ] 2024-05-06 14:59:27.598 [main] Main - Une, deux, ou trois cartes ?
[INFO ] 2024-05-06 14:59:29.355 [main] Main - Quelle carte, donnez son numéro 
[INFO ] 2024-05-06 14:59:31.252 [main] Main - Quelle carte, donnez son numéro 
[INFO ] 2024-05-06 14:59:32.504 [main] Main - Quelle carte, donnez son numéro 
[INFO ] 2024-05-06 14:59:33.695 [main] Main - Tom, désirez vous continuer ?
[INFO ] 2024-05-06 15:02:01.618 [main] Main - Tom, voulez vous changer de cartes ? oui ou non
[INFO ] 2024-05-06 15:02:06.375 [main] Main - John, voulez vous changer de cartes ? oui ou non
[INFO ] 2024-05-06 15:02:09.302 [main] Main - Franck, voulez vous changer de cartes ? oui ou non
[INFO ] 2024-05-06 15:02:11.988 [main] Main - Tom, désirez vous continuer ?
[INFO ] 2024-05-06 15:02:16.157 [main] Main - Tom, combien misez vous ?
[INFO ] 2024-05-06 15:02:22.966 [main] Main - John, désirez vous continuer ?
[INFO ] 2024-05-06 15:02:22.966 [main] Main - John, combien misez vous ?
[INFO ] 2024-05-06 15:02:32.997 [main] Main - Franck, désirez vous continuer ?
[INFO ] 2024-05-06 15:02:32.997 [main] Main - Franck, combien misez vous ?
[INFO ] 2024-05-06 15:02:44.455 [main] Main - Tom, désirez vous continuer ?
[INFO ] 2024-05-06 15:02:44.455 [main] Main - Tom, combien misez vous ?
[INFO ] 2024-05-06 15:02:48.189 [main] Main - John, désirez vous continuer ?
[INFO ] 2024-05-06 15:02:48.190 [main] Main - John, combien misez vous ?
[INFO ] 2024-05-06 15:02:51.027 [main] Main - Franck, désirez vous continuer ?
[INFO ] 2024-05-06 15:02:51.027 [main] Main - Franck, combien misez vous ?
[INFO ] 2024-05-06 15:02:53.344 [main] Main - Tom : Neuf de Carreau-Quatre de Pique-Valet de Carreau-As de Coeur-Neuf de Trefle-
[INFO ] 2024-05-06 15:02:53.345 [main] Main - 80
[INFO ] 2024-05-06 15:02:53.345 [main] Main - John : Huit de Trefle-Neuf de Coeur-Dame de Pique-Deux de Carreau-Neuf de Pique-
[INFO ] 2024-05-06 15:02:53.345 [main] Main - 80
[INFO ] 2024-05-06 15:02:53.346 [main] Main - Franck : Dix de Trefle-Sept de Pique-Six de Pique-Six de Carreau-Huit de Coeur-
[INFO ] 2024-05-06 15:02:53.346 [main] Main - 80
[INFO ] 2024-05-06 15:02:53.350 [main] Main - Tom
[INFO ] 2024-05-06 15:03:43.598 [main] Main - Tom, voulez vous changer de cartes ? oui ou non
[INFO ] 2024-05-06 15:03:47.502 [main] Main - John, voulez vous changer de cartes ? oui ou non
[INFO ] 2024-05-06 15:03:51.510 [main] Main - Franck, voulez vous changer de cartes ? oui ou non
[INFO ] 2024-05-06 15:03:53.821 [main] Main - Tom, désirez vous continuer ?
[INFO ] 2024-05-06 15:03:58.049 [main] Main - Tom, combien misez vous ?
[INFO ] 2024-05-06 15:04:00.446 [main] Main - John, désirez vous continuer ?
[INFO ] 2024-05-06 15:04:00.447 [main] Main - John, combien misez vous ?
[INFO ] 2024-05-06 15:04:05.714 [main] Main - Franck, désirez vous continuer ?
[INFO ] 2024-05-06 15:04:05.715 [main] Main - Franck, combien misez vous ?
[INFO ] 2024-05-06 15:04:07.828 [main] Main - Tom : Sept de Carreau-Deux de Pique-Dame de Trefle-Huit de Pique-Neuf de Pique-
[INFO ] 2024-05-06 15:04:07.828 [main] Main - 80
[INFO ] 2024-05-06 15:04:07.829 [main] Main - John : Dame de Pique-Huit de Carreau-Six de Pique-As de Carreau-Roi de Trefle-
[INFO ] 2024-05-06 15:04:07.829 [main] Main - 80
[INFO ] 2024-05-06 15:04:07.829 [main] Main - Franck : Quatre de Carreau-Trois de Coeur-Huit de Trefle-Dix de Coeur-Dix de Carreau-
[INFO ] 2024-05-06 15:04:07.829 [main] Main - 140
[INFO ] 2024-05-06 15:04:07.830 [main] Main - Franck
[INFO ] 2024-05-07 09:32:31.872 [main] Main - {Paire=7, 2 paires=3}
[INFO ] 2024-05-07 09:32:52.463 [main] Main - {Brelan=1, Couleur=1, Paire=7, 2 paires=1}
[INFO ] 2024-05-07 09:33:03.831 [main] Main - {Brelan=1, Paire=8, 2 paires=1}
[INFO ] 2024-05-07 09:33:10.745 [main] Main - {Paire=10}
[INFO ] 2024-05-07 09:33:15.707 [main] Main - {Couleur=1, Paire=6, 2 paires=3}
[INFO ] 2024-05-07 09:33:23.157 [main] Main - {Paire=9, 2 paires=1}
[INFO ] 2024-05-07 09:33:28.609 [main] Main - {Paire=8, 2 paires=2}
[INFO ] 2024-05-07 09:33:33.496 [main] Main - {Brelan=3, Paire=6, 2 paires=1}
[INFO ] 2024-05-07 09:33:38.948 [main] Main - {Brelan=1, Paire=7, 2 paires=2}
[INFO ] 2024-05-07 09:33:46.357 [main] Main - {Brelan=1, Paire=5, 2 paires=4}
[INFO ] 2024-05-07 09:38:20.541 [main] Main - {Quinte=1, Brelan=7, Couleur=2, Paire=24, Full=2, 2 paires=14}
[INFO ] 2024-05-07 09:38:40.133 [main] Main - {Quinte=3, Brelan=11, Paire=22, 2 paires=14}
[INFO ] 2024-05-07 09:38:49.329 [main] Main - {Quinte=2, Brelan=8, Paire=25, Full=1, 2 paires=14}
[INFO ] 2024-05-07 09:38:57.004 [main] Main - {Quinte=1, Brelan=7, Couleur=1, Carré=1, Paire=25, Full=2, 2 paires=13}
[INFO ] 2024-05-07 09:39:55.453 [main] Main - {Quinte=4, Brelan=10, Couleur=1, Paire=21, 2 paires=14}
[INFO ] 2024-05-07 09:40:39.825 [main] Main - {Quinte=2, Brelan=11, Couleur=2, Paire=20, 2 paires=15}
[INFO ] 2024-05-07 09:40:45.010 [main] Main - {Brelan=8, Paire=25, Full=1, 2 paires=16}
[INFO ] 2024-05-07 09:40:47.463 [main] Main - {Quinte=3, Brelan=11, Couleur=2, Rien=1, Paire=19, Full=1, 2 paires=13}
[INFO ] 2024-05-07 09:40:51.828 [main] Main - {Quinte=3, Brelan=11, Couleur=1, Paire=24, 2 paires=11}
[INFO ] 2024-05-07 09:40:54.187 [main] Main - {Quinte=3, Couleur=1, Brelan=3, Paire=27, Full=1, 2 paires=15}
